jshybugger-proxy/proguard.cfg
-verbose
-libraryjars /Tools/android-sdk-windows/platforms/android-17/android.jar
-ignorewarnings
-dontoptimize
-allowaccessmodification
-keepattributes JavascriptInterface
-keepclassmembers class * {
    @android.webkit.JavascriptInterface <methods>;
}
-keep public abstract class org.mozilla.javascript.VMBridge { *; }
-keep public class org.mozilla.javascript.*.VMBridge* { *; }
-keep public class org.jshybugger.proxy.DebugService	{ public *; }
-keep public class org.jshybugger.proxy.ProxyService	{ public *; }
-keep public class org.jshybugger.proxy.StartActivity	{ public *; }
-keep public class org.jshybugger.proxy.LogActivity		{ public *; }
-keep public class org.jshybugger.DebugContentProvider	{ public *; }
-keepclassmembers class org.jboss.netty.util.internal.LegacyLinkedTransferQueue* {
	volatile *;
}
-dontwarn javax.servlet.**
-dontwarn java.nio.**
-dontwarn java.net.**
-dontwarn org.apache.xmlbeans.**
-dontwarn org.slf4j.**
-dontwarn org.osgi.**
-dontwarn org.apache.log4j.**
-dontwarn com.google.protobuf.**
-dontwarn org.jboss.marshalling.**
-dontwarn org.jboss.logging.**
-dontwarn org.apache.commons.logging.**
-dontwarn java.util.concurrent.LinkedTransferQueue