jshybugger-proxy/proguard/mapping.txt
org.jshybugger.proxy.DebugInstrumentationHandler -> org.jshybugger.proxy.a:
    java.lang.String PROVIDER_PROTOCOL -> a
    int requestId -> b
    java.lang.String requestURI -> c
    java.lang.String requestMethod -> d
    java.lang.String sourceSelection -> e
    android.content.ContentResolver contentProvider -> f
    void messageReceived(org.jboss.netty.channel.ChannelHandlerContext,org.jboss.netty.channel.MessageEvent) -> a
    void writeRequested(org.jboss.netty.channel.ChannelHandlerContext,org.jboss.netty.channel.MessageEvent) -> b
    void sendResourceFile(org.jboss.netty.handler.codec.http.HttpMessage,android.net.Uri) -> a
org.jshybugger.proxy.DebugService -> org.jshybugger.proxy.DebugService:
    org.jshybugger.proxy.JSDInterface browserInterface -> a
    org.jshybugger.server.DebugServer debugServer -> b
    android.os.IBinder onBind(android.content.Intent) -> onBind
    void onCreate() -> onCreate
    void onDestroy() -> onDestroy
    void onStart(android.content.Intent,int) -> onStart
    void broadcastStartup(android.content.Intent) -> a
    int onStartCommand(android.content.Intent,int,int) -> onStartCommand
org.jshybugger.proxy.JSDInterface -> org.jshybugger.proxy.b:
    boolean notifyBrowser -> b
    org.webbitserver.HttpResponse response -> c
    java.util.concurrent.ExecutorService executorService -> d
    void notifyBrowser() -> a
    void openPushChannel(org.webbitserver.HttpResponse) -> a
    void sendNotifyMessage(org.webbitserver.HttpResponse,java.lang.String) -> a
    void getQueuedMessage(org.webbitserver.HttpResponse,boolean) -> a
    void destroy() -> b
    void access$000(org.jshybugger.proxy.JSDInterface,org.webbitserver.HttpResponse,java.lang.String) -> a
org.jshybugger.proxy.JSDInterface$1 -> org.jshybugger.proxy.c:
    org.webbitserver.HttpResponse val$res -> a
    org.jshybugger.proxy.JSDInterface this$0 -> b
    void run() -> run
org.jshybugger.proxy.JSHybuggerResourceHandler -> org.jshybugger.proxy.d:
    org.jshybugger.server.DebugServer debugServer -> a
    long lastCheckedTimeStamp -> b
    android.content.Context context -> c
    void handleHttpRequest(org.webbitserver.HttpRequest,org.webbitserver.HttpResponse,org.webbitserver.HttpControl) -> a
    org.jshybugger.proxy.JSDInterface getBrowserInterface(org.webbitserver.HttpRequest,org.webbitserver.HttpResponse,boolean) -> a
org.jshybugger.proxy.LogActivity -> org.jshybugger.proxy.LogActivity:
    android.widget.ArrayAdapter listAdapter -> a
    boolean isViewActive -> b
    java.util.List messages -> c
    void onCreate(android.os.Bundle) -> onCreate
    void onResume() -> onResume
    void onPause() -> onPause
    boolean onCreateOptionsMenu(android.view.Menu) -> onCreateOptionsMenu
    void addMessage(java.lang.String) -> addMessage
org.jshybugger.proxy.ProxyInboundHandler -> org.jshybugger.proxy.e:
    org.jboss.netty.channel.socket.ClientSocketChannelFactory cf -> b
    java.lang.String remoteHost -> c
    int remotePort -> d
    java.lang.Object trafficLock -> a
    org.jboss.netty.channel.Channel outboundChannel -> e
    void channelOpen(org.jboss.netty.channel.ChannelHandlerContext,org.jboss.netty.channel.ChannelStateEvent) -> a
    void messageReceived(org.jboss.netty.channel.ChannelHandlerContext,org.jboss.netty.channel.MessageEvent) -> a
    void channelInterestChanged(org.jboss.netty.channel.ChannelHandlerContext,org.jboss.netty.channel.ChannelStateEvent) -> d
    void channelClosed(org.jboss.netty.channel.ChannelHandlerContext,org.jboss.netty.channel.ChannelStateEvent) -> g
    void exceptionCaught(org.jboss.netty.channel.ChannelHandlerContext,org.jboss.netty.channel.ExceptionEvent) -> a
    void closeOnFlush(org.jboss.netty.channel.Channel) -> a
org.jshybugger.proxy.ProxyInboundHandler$1 -> org.jshybugger.proxy.f:
    org.jboss.netty.channel.Channel val$inboundChannel -> a
    org.jshybugger.proxy.ProxyInboundHandler this$0 -> b
    void operationComplete(org.jboss.netty.channel.ChannelFuture) -> a
...
org.mozilla.javascript.ast.DoLoop -> org.mozilla.javascript.b.o:
    org.mozilla.javascript.ast.AstNode condition -> j
    int whilePosition -> k
    org.mozilla.javascript.ast.AstNode getCondition() -> s
    void setCondition(org.mozilla.javascript.ast.AstNode) -> b
    void setWhilePosition(int) -> g
    java.lang.String toSource(int) -> j
    void visit(org.mozilla.javascript.ast.NodeVisitor) -> a
org.mozilla.javascript.ast.ElementGet -> org.mozilla.javascript.b.p:
    org.mozilla.javascript.ast.AstNode target -> j
    org.mozilla.javascript.ast.AstNode element -> k
    int lb -> l
    int rb -> m
    org.mozilla.javascript.ast.AstNode getTarget() -> r
    void setTarget(org.mozilla.javascript.ast.AstNode) -> a
    org.mozilla.javascript.ast.AstNode getElement() -> s
    void setElement(org.mozilla.javascript.ast.AstNode) -> b
    void setParens(int,int) -> d
    java.lang.String toSource(int) -> j
    void visit(org.mozilla.javascript.ast.NodeVisitor) -> a
org.mozilla.javascript.ast.EmptyExpression -> org.mozilla.javascript.b.q:
    java.lang.String toSource(int) -> j
    void visit(org.mozilla.javascript.ast.NodeVisitor) -> a
org.mozilla.javascript.ast.EmptyStatement -> org.mozilla.javascript.b.r:
    java.lang.String toSource(int) -> j
    void visit(org.mozilla.javascript.ast.NodeVisitor) -> a
org.mozilla.javascript.ast.ErrorNode -> org.mozilla.javascript.b.s:
    java.lang.String toSource(int) -> j
    void visit(org.mozilla.javascript.ast.NodeVisitor) -> a
org.mozilla.javascript.ast.ExpressionStatement -> org.mozilla.javascript.b.t:
    org.mozilla.javascript.ast.AstNode expr -> j
    void setHasResult() -> r
    org.mozilla.javascript.ast.AstNode getExpression() -> s
    void setExpression(org.mozilla.javascript.ast.AstNode) -> a
    boolean hasSideEffects() -> o
    java.lang.String toSource(int) -> j
    void visit(org.mozilla.javascript.ast.NodeVisitor) -> a
org.mozilla.javascript.ast.ForInLoop -> org.mozilla.javascript.b.u:
    org.mozilla.javascript.ast.AstNode iterator -> j
    org.mozilla.javascript.ast.AstNode iteratedObject -> k
    int inPosition -> l
    int eachPosition -> m
    boolean isForEach -> n
    org.mozilla.javascript.ast.AstNode getIterator() -> s
    void setIterator(org.mozilla.javascript.ast.AstNode) -> b
    org.mozilla.javascript.ast.AstNode getIteratedObject() -> t
    void setIteratedObject(org.mozilla.javascript.ast.AstNode) -> f
    boolean isForEach() -> A
    void setIsForEach(boolean) -> a
    void setInPosition(int) -> g
    void setEachPosition(int) -> h
    java.lang.String toSource(int) -> j
    void visit(org.mozilla.javascript.ast.NodeVisitor) -> a
org.mozilla.javascript.ast.ForLoop -> org.mozilla.javascript.b.v:
    org.mozilla.javascript.ast.AstNode initializer -> j
    org.mozilla.javascript.ast.AstNode condition -> k
    org.mozilla.javascript.ast.AstNode increment -> l
    org.mozilla.javascript.ast.AstNode getInitializer() -> s
    void setInitializer(org.mozilla.javascript.ast.AstNode) -> b
    org.mozilla.javascript.ast.AstNode getCondition() -> t
    void setCondition(org.mozilla.javascript.ast.AstNode) -> f
    org.mozilla.javascript.ast.AstNode getIncrement() -> A
    void setIncrement(org.mozilla.javascript.ast.AstNode) -> g
    java.lang.String toSource(int) -> j
    void visit(org.mozilla.javascript.ast.NodeVisitor) -> a