jshybugger-proxy/proguard/usage.txt
org.jshybugger.proxy.BuildConfig
org.jshybugger.proxy.DebugInstrumentationHandler:
    private static final java.lang.String JS_HYBUGGER
    208:220:public static java.lang.String getInstrumentedFileName(java.lang.String,java.io.BufferedInputStream)
org.jshybugger.proxy.DebugService:
    private static final java.lang.String TAG
org.jshybugger.proxy.JSDInterface:
    private static final java.lang.String TAG
org.jshybugger.proxy.LogActivity:
    private static final int MAX_MESSAGES
org.jshybugger.proxy.ProxyService:
    private static final java.lang.String TAG
    private static final int PROXY_LISTEN_PORT
org.jshybugger.proxy.R
org.jshybugger.proxy.R$attr
org.jshybugger.proxy.R$drawable
org.jshybugger.proxy.R$id
org.jshybugger.proxy.R$layout
org.jshybugger.proxy.R$menu
org.jshybugger.proxy.R$string
org.jshybugger.proxy.R$xml
...
org.jboss.netty.handler.codec.socks.SocksCmdResponseDecoder
org.jboss.netty.handler.codec.socks.SocksCmdResponseDecoder$1
org.jboss.netty.handler.codec.socks.SocksCmdResponseDecoder$State
org.jboss.netty.handler.codec.socks.SocksCommonUtils
org.jboss.netty.handler.codec.socks.SocksInitRequest
org.jboss.netty.handler.codec.socks.SocksInitRequestDecoder
org.jboss.netty.handler.codec.socks.SocksInitRequestDecoder$1
org.jboss.netty.handler.codec.socks.SocksInitRequestDecoder$State
org.jboss.netty.handler.codec.socks.SocksInitResponse
org.jboss.netty.handler.codec.socks.SocksInitResponseDecoder
org.jboss.netty.handler.codec.socks.SocksInitResponseDecoder$1
org.jboss.netty.handler.codec.socks.SocksInitResponseDecoder$State
org.jboss.netty.handler.codec.socks.SocksMessage
org.jboss.netty.handler.codec.socks.SocksMessage$AddressType
org.jboss.netty.handler.codec.socks.SocksMessage$AuthScheme
org.jboss.netty.handler.codec.socks.SocksMessage$AuthStatus
org.jboss.netty.handler.codec.socks.SocksMessage$CmdStatus
org.jboss.netty.handler.codec.socks.SocksMessage$CmdType
org.jboss.netty.handler.codec.socks.SocksMessage$MessageType
org.jboss.netty.handler.codec.socks.SocksMessage$ProtocolVersion
org.jboss.netty.handler.codec.socks.SocksMessage$SubnegotiationVersion
org.jboss.netty.handler.codec.socks.SocksMessageEncoder
org.jboss.netty.handler.codec.socks.SocksRequest
org.jboss.netty.handler.codec.socks.SocksRequest$SocksRequestType
org.jboss.netty.handler.codec.socks.SocksResponse
org.jboss.netty.handler.codec.socks.SocksResponse$SocksResponseType
org.jboss.netty.handler.codec.socks.UnknownSocksMessage
org.jboss.netty.handler.codec.socks.UnknownSocksRequest
org.jboss.netty.handler.codec.socks.UnknownSocksResponse
org.jboss.netty.handler.codec.spdy.DefaultSpdyDataFrame
org.jboss.netty.handler.codec.spdy.DefaultSpdyGoAwayFrame
org.jboss.netty.handler.codec.spdy.DefaultSpdyHeaderBlock
org.jboss.netty.handler.codec.spdy.DefaultSpdyHeadersFrame
org.jboss.netty.handler.codec.spdy.DefaultSpdyNoOpFrame
org.jboss.netty.handler.codec.spdy.DefaultSpdyPingFrame
org.jboss.netty.handler.codec.spdy.DefaultSpdyRstStreamFrame
org.jboss.netty.handler.codec.spdy.DefaultSpdySettingsFrame
org.jboss.netty.handler.codec.spdy.DefaultSpdySettingsFrame$Setting
org.jboss.netty.handler.codec.spdy.DefaultSpdySynReplyFrame
org.jboss.netty.handler.codec.spdy.DefaultSpdySynStreamFrame
org.jboss.netty.handler.codec.spdy.DefaultSpdyWindowUpdateFrame
org.jboss.netty.handler.codec.spdy.SpdyCodecUtil
org.jboss.netty.handler.codec.spdy.SpdyDataFrame
org.jboss.netty.handler.codec.spdy.SpdyFrameCodec
org.jboss.netty.handler.codec.spdy.SpdyFrameDecoder
org.jboss.netty.handler.codec.spdy.SpdyFrameDecoder$1
org.jboss.netty.handler.codec.spdy.SpdyFrameDecoder$State
org.jboss.netty.handler.codec.spdy.SpdyFrameEncoder
org.jboss.netty.handler.codec.spdy.SpdyFrameEncoder$1
org.jboss.netty.handler.codec.spdy.SpdyGoAwayFrame
org.jboss.netty.handler.codec.spdy.SpdyHeaderBlock
org.jboss.netty.handler.codec.spdy.SpdyHeaderBlockCompressor
org.jboss.netty.handler.codec.spdy.SpdyHeaderBlockDecompressor
org.jboss.netty.handler.codec.spdy.SpdyHeaderBlockJZlibCompressor
org.jboss.netty.handler.codec.spdy.SpdyHeaderBlockZlibCompressor
org.jboss.netty.handler.codec.spdy.SpdyHeaderBlockZlibDecompressor
org.jboss.netty.handler.codec.spdy.SpdyHeaders
org.jboss.netty.handler.codec.spdy.SpdyHeaders$HeaderEntry
org.jboss.netty.handler.codec.spdy.SpdyHeaders$HttpNames
org.jboss.netty.handler.codec.spdy.SpdyHeaders$Spdy2HttpNames
org.jboss.netty.handler.codec.spdy.SpdyHeadersFrame
org.jboss.netty.handler.codec.spdy.SpdyHttpCodec
org.jboss.netty.handler.codec.spdy.SpdyHttpDecoder
org.jboss.netty.handler.codec.spdy.SpdyHttpEncoder
org.jboss.netty.handler.codec.spdy.SpdyHttpEncoder$SpdyFrameWriter
org.jboss.netty.handler.codec.spdy.SpdyHttpHeaders
org.jboss.netty.handler.codec.spdy.SpdyHttpHeaders$Names
org.jboss.netty.handler.codec.spdy.SpdyHttpResponseStreamIdHandler